c:\users\yann\documents\3d computer graphics\debug\vc140.pdb
c:\users\yann\documents\3d computer graphics\debug\vc140.idb
c:\users\yann\documents\3d computer graphics\debug\skybox.obj
c:\users\yann\documents\3d computer graphics\debug\parser.obj
c:\users\yann\documents\3d computer graphics\debug\input.obj
c:\users\yann\documents\3d computer graphics\debug\gameobject.obj
c:\users\yann\documents\3d computer graphics\debug\frustum.obj
c:\users\yann\documents\3d computer graphics\debug\dx11 framework.obj
c:\users\yann\documents\3d computer graphics\debug\ddstextureloader.obj
c:\users\yann\documents\3d computer graphics\debug\collision.obj
c:\users\yann\documents\3d computer graphics\debug\camera.obj
c:\users\yann\documents\3d computer graphics\debug\application.obj
c:\users\yann\documents\3d computer graphics\debug\spline.obj
c:\users\yann\documents\3d computer graphics\debug\surface.obj
c:\users\yann\documents\3d computer graphics\debug\dx11 framework.ilk
c:\users\yann\documents\3d computer graphics\debug\dx11 framework.exe
c:\users\yann\documents\3d computer graphics\debug\dx11 framework.pdb
c:\users\yann\documents\3d computer graphics\debug\dx11 framework.res
c:\users\yann\documents\3d computer graphics\debug\dx11 framework.vcxprojresolveassemblyreference.cache
c:\users\yann\documents\3d computer graphics\debug\dx11 framework.tlog\cl.command.1.tlog
c:\users\yann\documents\3d computer graphics\debug\dx11 framework.tlog\cl.read.1.tlog
c:\users\yann\documents\3d computer graphics\debug\dx11 framework.tlog\cl.write.1.tlog
c:\users\yann\documents\3d computer graphics\debug\dx11 framework.tlog\link.command.1.tlog
c:\users\yann\documents\3d computer graphics\debug\dx11 framework.tlog\link.read.1.tlog
c:\users\yann\documents\3d computer graphics\debug\dx11 framework.tlog\link.write.1.tlog
c:\users\yann\documents\3d computer graphics\debug\dx11 framework.tlog\metagen.write.1.tlog
c:\users\yann\documents\3d computer graphics\debug\dx11 framework.tlog\rc.command.1.tlog
c:\users\yann\documents\3d computer graphics\debug\dx11 framework.tlog\rc.read.1.tlog
c:\users\yann\documents\3d computer graphics\debug\dx11 framework.tlog\rc.write.1.tlog
