Build started 15/11/2015 11:07:36.
     1>Project "C:\Users\Yann\Documents\3D Computer Graphics\DX11 Framework.vcxproj" on node 2 (Build target(s)).
     1>ClCompile:
         C:\Program Files (x86)\Microsoft Visual Studio 14.0\VC\bin\CL.exe /c /ZI /nologo /W4 /WX- /Od /Oi /Oy- /D WIN32 /D _DEBUG /D DEBUG /D PROFILE /D _WINDOWS /D D3DXFX_LARGEADDRESS_HANDLE /D _UNICODE /D UNICODE /Gm- /EHsc /RTC1 /MDd /GS /arch:SSE2 /fp:fast /Zc:wchar_t /Zc:forScope /Zc:inline /openmp- /Fo"Debug\\" /Fd"Debug\vc140.pdb" /Gd /TP /analyze- /errorReport:prompt  GameObject.cpp
         GameObject.cpp
     1>c:\users\yann\documents\3d computer graphics\gameobject.cpp(106): warning C4100: 'deltaTime': unreferenced formal parameter
     1>c:\users\yann\documents\3d computer graphics\gameobject.cpp(111): warning C4100: 'light': unreferenced formal parameter
       Link:
         C:\Program Files (x86)\Microsoft Visual Studio 14.0\VC\bin\link.exe /ERRORREPORT:PROMPT /OUT:"C:\Users\Yann\Documents\3D Computer Graphics\Debug\DX11 Framework.exe" /INCREMENTAL /NOLOGO d3d11.lib d3dcompiler.lib dxguid.lib winmm.lib comctl32.lib kernel32.lib user32.lib gdi32.lib winspool.lib comdlg32.lib advapi32.lib shell32.lib ole32.lib oleaut32.lib uuid.lib odbc32.lib odbccp32.lib /MANIFEST /MANIFESTUAC:"level='asInvoker' uiAccess='false'" /manifest:embed /manifestinput:"C:\Program Files (x86)\Microsoft Visual Studio 14.0\VC\Include\Manifest\dpiaware.manifest" /Debug /PDB:"C:\Users\Yann\Documents\3D Computer Graphics\Debug\DX11 Framework.pdb" /SUBSYSTEM:WINDOWS /LARGEADDRESSAWARE /TLBID:1 /DYNAMICBASE /NXCOMPAT /IMPLIB:"C:\Users\Yann\Documents\3D Computer Graphics\Debug\DX11 Framework.lib" /MACHINE:X86 /SAFESEH  "Debug\DX11 Framework.res"
         Debug\Application.obj
         Debug\Camera.obj
         Debug\DDSTextureLoader.obj
         "Debug\DX11 Framework.obj"
         Debug\Frustum.obj
         Debug\GameObject.obj
         Debug\Input.obj
         Debug\Parser.obj
         Debug\Skybox.obj
         DX11 Framework.vcxproj -> C:\Users\Yann\Documents\3D Computer Graphics\Debug\DX11 Framework.exe
     1>Done Building Project "C:\Users\Yann\Documents\3D Computer Graphics\DX11 Framework.vcxproj" (Build target(s)).

Build succeeded.

Time Elapsed 00:00:01.71
